GET /get_products - - Mon, 16 May 2022 19:20:42 GMT
GET /selling - - Mon, 16 May 2022 19:20:42 GMT
GET /selling 200 - Mon, 16 May 2022 19:21:56 GMT
GET /get_products 200 - Mon, 16 May 2022 19:21:56 GMT
GET /get_products 304 - Mon, 16 May 2022 19:21:57 GMT
GET /get_products 304 - Mon, 16 May 2022 19:21:57 GMT
GET /get_products 304 - Mon, 16 May 2022 19:22:52 GMT
GET /get_products 304 - Mon, 16 May 2022 19:22:52 GMT
GET /get_products 304 - Mon, 16 May 2022 19:22:52 GMT
GET /get_products 304 - Mon, 16 May 2022 19:22:52 GMT
GET /get_products 304 - Mon, 16 May 2022 19:23:11 GMT
GET /get_products 304 - Mon, 16 May 2022 19:23:16 GMT
GET /get_products 304 - Mon, 16 May 2022 19:23:16 GMT
GET /get_products 304 - Mon, 16 May 2022 19:24:59 GMT
GET /selling 304 - Mon, 16 May 2022 19:24:59 GMT
GET /get_products 304 - Mon, 16 May 2022 19:24:59 GMT
GET /get_products 304 - Mon, 16 May 2022 19:24:59 GMT
GET /api/logout 304 - Mon, 16 May 2022 19:26:02 GMT
GET /api/logout 304 - Mon, 16 May 2022 19:26:06 GMT
GET /api/logout 304 - Mon, 16 May 2022 19:28:51 GMT
GET /api/logout 304 - Mon, 16 May 2022 19:28:51 GMT
GET /api/logout 304 - Mon, 16 May 2022 19:28:54 GMT
GET /selling 304 - Mon, 16 May 2022 19:28:55 GMT
GET /api/logout 304 - Mon, 16 May 2022 19:28:55 GMT
POST /api/login 200 - Mon, 16 May 2022 19:34:20 GMT
POST /api/login 200 - Mon, 16 May 2022 19:34:20 GMT
GET /get_products 304 - Mon, 16 May 2022 19:34:20 GMT
GET /get_products 304 - Mon, 16 May 2022 19:34:20 GMT
GET /get_products 304 - Mon, 16 May 2022 19:34:20 GMT
GET /selling 304 - Mon, 16 May 2022 19:34:20 GMT
GET /get_products 304 - Mon, 16 May 2022 19:35:09 GMT
GET /get_products 304 - Mon, 16 May 2022 19:35:09 GMT
GET /get_products 304 - Mon, 16 May 2022 19:35:09 GMT
GET /get_products 304 - Mon, 16 May 2022 19:35:13 GMT
GET /get_products 304 - Mon, 16 May 2022 19:35:13 GMT
GET /get_products 304 - Mon, 16 May 2022 19:35:13 GMT
GET /users 304 - Mon, 16 May 2022 19:35:13 GMT
GET /users 304 - Mon, 16 May 2022 19:35:13 GMT
GET /users 304 - Mon, 16 May 2022 19:35:13 GMT
GET /users 304 - Mon, 16 May 2022 19:35:36 GMT
GET /users 304 - Mon, 16 May 2022 19:35:36 GMT
GET /get_products 304 - Mon, 16 May 2022 19:35:36 GMT
GET /users 304 - Mon, 16 May 2022 19:35:36 GMT
GET /get_products 304 - Mon, 16 May 2022 19:35:36 GMT
GET /get_products 304 - Mon, 16 May 2022 19:35:36 GMT
GET /get_products 304 - Mon, 16 May 2022 19:35:50 GMT
GET /get_products 304 - Mon, 16 May 2022 19:35:50 GMT
GET /get_products 304 - Mon, 16 May 2022 19:35:50 GMT
GET /users 304 - Mon, 16 May 2022 19:35:55 GMT
GET /users 304 - Mon, 16 May 2022 19:35:55 GMT
GET /users 304 - Mon, 16 May 2022 19:35:55 GMT
GET /get_products 304 - Mon, 16 May 2022 19:36:23 GMT
GET /get_products 304 - Mon, 16 May 2022 19:36:23 GMT
GET /get_products 304 - Mon, 16 May 2022 19:36:23 GMT
GET /users 304 - Mon, 16 May 2022 19:36:23 GMT
GET /users 304 - Mon, 16 May 2022 19:36:23 GMT
GET /users 304 - Mon, 16 May 2022 19:36:23 GMT
GET /get_products 304 - Mon, 16 May 2022 19:39:18 GMT
GET /get_products 304 - Mon, 16 May 2022 19:39:18 GMT
GET /get_products 304 - Mon, 16 May 2022 19:39:18 GMT
GET /get_products 304 - Mon, 16 May 2022 19:39:20 GMT
GET /get_products 304 - Mon, 16 May 2022 19:39:20 GMT
GET /get_products 304 - Mon, 16 May 2022 19:39:20 GMT
GET /get_products 304 - Mon, 16 May 2022 19:39:40 GMT
GET /get_products 304 - Mon, 16 May 2022 19:39:40 GMT
GET /get_products 304 - Mon, 16 May 2022 19:39:40 GMT
GET /get_products 304 - Mon, 16 May 2022 19:39:42 GMT
GET /get_products 304 - Mon, 16 May 2022 19:39:42 GMT
GET /get_products 304 - Mon, 16 May 2022 19:39:42 GMT
GET /get_products 304 - Mon, 16 May 2022 19:39:46 GMT
GET /get_products 304 - Mon, 16 May 2022 19:39:46 GMT
GET /get_products 304 - Mon, 16 May 2022 19:39:46 GMT
GET /get_products 304 - Mon, 16 May 2022 19:39:56 GMT
GET /get_products 304 - Mon, 16 May 2022 19:39:56 GMT
GET /get_products 304 - Mon, 16 May 2022 19:39:56 GMT
GET /get_products 304 - Mon, 16 May 2022 19:39:56 GMT
GET /get_products 304 - Mon, 16 May 2022 19:39:56 GMT
GET /get_products 304 - Mon, 16 May 2022 19:39:56 GMT
GET /get_products 304 - Mon, 16 May 2022 19:40:05 GMT
GET /get_products 304 - Mon, 16 May 2022 19:40:05 GMT
GET /get_products 304 - Mon, 16 May 2022 19:40:05 GMT
GET /get_products 304 - Mon, 16 May 2022 19:40:13 GMT
GET /get_products 304 - Mon, 16 May 2022 19:40:13 GMT
GET /get_products 304 - Mon, 16 May 2022 19:40:13 GMT
GET /get_products 304 - Mon, 16 May 2022 19:40:24 GMT
GET /get_products 304 - Mon, 16 May 2022 19:40:24 GMT
GET /get_products 304 - Mon, 16 May 2022 19:40:24 GMT
GET /get_products 304 - Mon, 16 May 2022 19:40:54 GMT
GET /get_products 304 - Mon, 16 May 2022 19:40:54 GMT
GET /get_products 304 - Mon, 16 May 2022 19:40:54 GMT
GET /get_products 304 - Mon, 16 May 2022 19:41:29 GMT
GET /get_products 304 - Mon, 16 May 2022 19:41:29 GMT
GET /get_products 304 - Mon, 16 May 2022 19:41:29 GMT
GET /selling 304 - Mon, 16 May 2022 19:41:29 GMT
GET /get_products 304 - Mon, 16 May 2022 19:41:32 GMT
GET /get_products 304 - Mon, 16 May 2022 19:41:32 GMT
GET /get_products 304 - Mon, 16 May 2022 19:41:32 GMT
GET /get_products 304 - Mon, 16 May 2022 19:41:43 GMT
GET /get_products 304 - Mon, 16 May 2022 19:41:43 GMT
GET /get_products 304 - Mon, 16 May 2022 19:41:43 GMT
GET /get_products 304 - Mon, 16 May 2022 19:42:08 GMT
GET /selling 304 - Mon, 16 May 2022 19:42:08 GMT
GET /get_products 304 - Mon, 16 May 2022 19:42:08 GMT
GET /get_products 304 - Mon, 16 May 2022 19:42:08 GMT
GET /get_products 304 - Mon, 16 May 2022 19:42:20 GMT
GET /get_products 304 - Mon, 16 May 2022 19:42:20 GMT
GET /get_products 304 - Mon, 16 May 2022 19:42:20 GMT
GET /get_products 304 - Mon, 16 May 2022 19:42:20 GMT
GET /get_products 304 - Mon, 16 May 2022 19:42:20 GMT
GET /get_products 304 - Mon, 16 May 2022 19:42:20 GMT
GET /get_products 304 - Mon, 16 May 2022 19:42:22 GMT
GET /selling 304 - Mon, 16 May 2022 19:42:23 GMT
GET /get_products 304 - Mon, 16 May 2022 19:42:24 GMT
GET /get_products 304 - Mon, 16 May 2022 19:42:24 GMT
GET /get_products 304 - Mon, 16 May 2022 19:42:24 GMT
GET /selling 304 - Mon, 16 May 2022 19:42:33 GMT
GET /get_products 304 - Mon, 16 May 2022 19:42:39 GMT
GET /users 304 - Mon, 16 May 2022 19:42:59 GMT
GET /get_products 304 - Mon, 16 May 2022 19:43:07 GMT
GET /get_products 304 - Mon, 16 May 2022 19:44:08 GMT
GET /get_products 304 - Mon, 16 May 2022 19:44:08 GMT
GET /get_products 304 - Mon, 16 May 2022 19:44:08 GMT
GET /selling 304 - Mon, 16 May 2022 19:44:08 GMT
GET /api/logout 304 - Mon, 16 May 2022 19:44:16 GMT
GET /api/logout 304 - Mon, 16 May 2022 19:44:25 GMT
POST /api/login 200 - Tue, 17 May 2022 00:59:27 GMT
GET /selling 304 - Tue, 17 May 2022 00:59:28 GMT
GET /get_products 304 - Tue, 17 May 2022 00:59:28 GMT
GET /get_products 304 - Tue, 17 May 2022 00:59:28 GMT
GET /get_products 304 - Tue, 17 May 2022 00:59:28 GMT
GET /get_products 304 - Tue, 17 May 2022 00:59:35 GMT
GET /users 304 - Tue, 17 May 2022 01:00:10 GMT
GET /users/3 200 - Tue, 17 May 2022 01:01:12 GMT
GET /users/3 304 - Tue, 17 May 2022 01:04:52 GMT
GET /users/3 304 - Tue, 17 May 2022 01:05:24 GMT
GET /users/3 304 - Tue, 17 May 2022 01:05:32 GMT
GET /users/3 304 - Tue, 17 May 2022 01:06:03 GMT
GET /users/3 304 - Tue, 17 May 2022 01:06:03 GMT
GET /users 304 - Tue, 17 May 2022 01:07:05 GMT
GET /users/2 304 - Tue, 17 May 2022 01:07:16 GMT
GET /get_products 304 - Tue, 17 May 2022 01:07:26 GMT
GET /get_products 304 - Tue, 17 May 2022 01:07:40 GMT
GET /get_products 304 - Tue, 17 May 2022 01:07:40 GMT
GET /get_products 304 - Tue, 17 May 2022 01:07:40 GMT
GET /selling 304 - Tue, 17 May 2022 01:07:41 GMT
GET /get_products 304 - Tue, 17 May 2022 01:25:52 GMT
GET /selling 304 - Tue, 17 May 2022 01:25:52 GMT
GET /get_products 304 - Tue, 17 May 2022 01:25:52 GMT
GET /get_products 304 - Tue, 17 May 2022 01:25:52 GMT
GET /get_products 304 - Tue, 17 May 2022 01:26:31 GMT
GET /selling 304 - Tue, 17 May 2022 01:26:31 GMT
GET /get_products 304 - Tue, 17 May 2022 01:26:31 GMT
GET /get_products 304 - Tue, 17 May 2022 01:26:31 GMT
GET /api/logout 304 - Tue, 17 May 2022 01:34:12 GMT
POST /api/login 400 - Tue, 17 May 2022 01:34:40 GMT
POST /api/login 400 - Tue, 17 May 2022 01:34:43 GMT
POST /api/login 200 - Tue, 17 May 2022 02:04:47 GMT
POST /api/login 200 - Tue, 17 May 2022 02:04:47 GMT
GET /get_products 304 - Tue, 17 May 2022 02:04:48 GMT
GET /get_products 304 - Tue, 17 May 2022 02:04:48 GMT
GET /get_products 304 - Tue, 17 May 2022 02:04:49 GMT
GET /selling 304 - Tue, 17 May 2022 02:04:49 GMT
GET /api/logout 304 - Tue, 17 May 2022 04:57:37 GMT
GET /api/logout 304 - Tue, 17 May 2022 04:57:37 GMT
POST /api/login 200 - Tue, 17 May 2022 05:00:08 GMT
POST /api/login 200 - Tue, 17 May 2022 05:00:08 GMT
GET /get_products 304 - Tue, 17 May 2022 05:00:09 GMT
GET /get_products 304 - Tue, 17 May 2022 05:00:09 GMT
GET /selling 304 - Tue, 17 May 2022 05:00:09 GMT
GET /get_products 304 - Tue, 17 May 2022 05:00:09 GMT
GET /get_products 304 - Tue, 17 May 2022 05:00:15 GMT
GET /get_products 304 - Tue, 17 May 2022 05:00:26 GMT
GET /get_products 304 - Tue, 17 May 2022 05:00:26 GMT
GET /selling 304 - Tue, 17 May 2022 05:00:26 GMT
GET /get_products 304 - Tue, 17 May 2022 05:00:26 GMT
GET /get_products 304 - Tue, 17 May 2022 05:00:31 GMT
POST /save_cart - - Tue, 17 May 2022 05:00:42 GMT
DELETE /product/delete/29 - - Tue, 17 May 2022 05:00:42 GMT
DELETE /product/delete/29 - - Tue, 17 May 2022 05:00:42 GMT
GET /get_products 200 - Tue, 17 May 2022 05:00:43 GMT
GET /products/31 200 - Tue, 17 May 2022 05:00:50 GMT
GET /get_products 304 - Tue, 17 May 2022 05:00:56 GMT
GET /get_products 304 - Tue, 17 May 2022 05:01:23 GMT
PUT /product/31 - - Tue, 17 May 2022 05:01:44 GMT
POST /product/addproduct - - Tue, 17 May 2022 05:01:44 GMT
GET /get_products 304 - Tue, 17 May 2022 05:01:45 GMT
GET /get_products 304 - Tue, 17 May 2022 05:02:16 GMT
POST /product/addproduct - - Tue, 17 May 2022 05:02:18 GMT
