GET / 200 - Sun, 17 Apr 2022 21:34:53 GMT
GET / 200 - Mon, 18 Apr 2022 04:12:06 GMT
GET /favicon.ico 404 - Mon, 18 Apr 2022 04:12:08 GMT
POST /login/user 302 - Mon, 18 Apr 2022 04:12:34 GMT
GET /index 302 - Mon, 18 Apr 2022 04:12:34 GMT
GET /product_list 304 - Mon, 18 Apr 2022 04:12:34 GMT
GET /selling_list 304 - Mon, 18 Apr 2022 04:12:46 GMT
GET /index 302 - Mon, 18 Apr 2022 04:12:58 GMT
GET /product_list 304 - Mon, 18 Apr 2022 04:12:58 GMT
GET /index 302 - Mon, 18 Apr 2022 04:13:02 GMT
GET /product_list 304 - Mon, 18 Apr 2022 04:13:02 GMT
GET /index 302 - Mon, 18 Apr 2022 04:13:04 GMT
GET /product_list 304 - Mon, 18 Apr 2022 04:13:04 GMT
GET /product/detail_product/12 200 - Mon, 18 Apr 2022 04:13:08 GMT
GET /product/detail_product/css/style.css 404 - Mon, 18 Apr 2022 04:13:08 GMT
GET /user_list 304 - Mon, 18 Apr 2022 04:13:14 GMT
GET /index 200 - Mon, 18 Apr 2022 04:13:55 GMT
GET /add_product 200 - Mon, 18 Apr 2022 04:14:43 GMT
GET /user_list 304 - Mon, 18 Apr 2022 04:14:52 GMT
GET /product_list 304 - Mon, 18 Apr 2022 04:14:59 GMT
GET /user_list 304 - Mon, 18 Apr 2022 04:15:02 GMT
GET /register 200 - Mon, 18 Apr 2022 04:16:14 GMT
GET /register 200 - Mon, 18 Apr 2022 04:17:21 GMT
GET /user_list 304 - Mon, 18 Apr 2022 04:17:30 GMT
GET /user_list 200 - Mon, 18 Apr 2022 04:19:06 GMT
GET /register 304 - Mon, 18 Apr 2022 04:19:12 GMT
GET /user_list 304 - Mon, 18 Apr 2022 04:19:18 GMT
GET /logout/user 302 - Mon, 18 Apr 2022 04:19:27 GMT
GET / 200 - Mon, 18 Apr 2022 04:19:27 GMT
GET / 200 - Mon, 18 Apr 2022 04:19:30 GMT
GET /index 302 - Mon, 18 Apr 2022 04:35:07 GMT
GET / 304 - Mon, 18 Apr 2022 04:35:07 GMT
GET /index 302 - Mon, 18 Apr 2022 04:41:54 GMT
GET / 304 - Mon, 18 Apr 2022 04:41:54 GMT
POST /login/user 302 - Mon, 18 Apr 2022 04:42:05 GMT
GET /index 200 - Mon, 18 Apr 2022 04:42:05 GMT
GET /logout/user 302 - Mon, 18 Apr 2022 04:42:11 GMT
GET / 200 - Mon, 18 Apr 2022 04:42:11 GMT
POST /login/user 302 - Mon, 18 Apr 2022 04:43:26 GMT
GET /index 304 - Mon, 18 Apr 2022 04:43:26 GMT
GET /logout/user 302 - Mon, 18 Apr 2022 04:45:16 GMT
GET / 304 - Mon, 18 Apr 2022 04:45:16 GMT
POST /login/user 302 - Mon, 18 Apr 2022 06:07:53 GMT
GET /logout/user 302 - Mon, 18 Apr 2022 06:09:52 GMT
GET / 304 - Mon, 18 Apr 2022 06:09:52 GMT
POST /login/user 302 - Mon, 18 Apr 2022 06:10:09 GMT
GET /logout/user 302 - Mon, 18 Apr 2022 06:11:13 GMT
GET / 304 - Mon, 18 Apr 2022 06:11:13 GMT
POST /login/user 302 - Mon, 18 Apr 2022 06:11:20 GMT
GET /index 304 - Mon, 18 Apr 2022 06:11:20 GMT
GET /product_list 304 - Mon, 18 Apr 2022 06:11:26 GMT
GET /selling_list 304 - Mon, 18 Apr 2022 06:11:31 GMT
GET /user_list 304 - Mon, 18 Apr 2022 06:11:41 GMT
GET /product_list 304 - Mon, 18 Apr 2022 06:11:46 GMT
GET /index 302 - Mon, 18 Apr 2022 06:18:06 GMT
GET / 200 - Mon, 18 Apr 2022 06:18:06 GMT
GET / 304 - Mon, 18 Apr 2022 06:18:12 GMT
POST /login/user 302 - Mon, 18 Apr 2022 06:18:28 GMT
GET /index 200 - Mon, 18 Apr 2022 06:18:28 GMT
GET /index 304 - Mon, 18 Apr 2022 06:18:48 GMT
GET /product/delete_product/14 302 - Mon, 18 Apr 2022 06:18:51 GMT
GET /index 200 - Mon, 18 Apr 2022 06:18:51 GMT
GET /product/delete_product/15 302 - Mon, 18 Apr 2022 06:18:53 GMT
GET /index 200 - Mon, 18 Apr 2022 06:18:53 GMT
GET /product/delete_product/12 302 - Mon, 18 Apr 2022 06:19:02 GMT
GET /index 200 - Mon, 18 Apr 2022 06:19:02 GMT
GET /product/delete_product/13 302 - Mon, 18 Apr 2022 06:19:03 GMT
GET /index 200 - Mon, 18 Apr 2022 06:19:03 GMT
GET /product/delete_product/16 302 - Mon, 18 Apr 2022 06:19:04 GMT
GET /index 200 - Mon, 18 Apr 2022 06:19:04 GMT
GET /selling_list 302 - Mon, 18 Apr 2022 06:20:46 GMT
GET / 304 - Mon, 18 Apr 2022 06:20:46 GMT
POST /login/user 302 - Mon, 18 Apr 2022 06:22:20 GMT
GET /index 304 - Mon, 18 Apr 2022 06:22:20 GMT
GET /add_product 200 - Mon, 18 Apr 2022 06:22:22 GMT
GET /user_list 302 - Mon, 18 Apr 2022 06:30:00 GMT
GET / 304 - Mon, 18 Apr 2022 06:30:00 GMT
POST /login/user 302 - Mon, 18 Apr 2022 06:30:11 GMT
GET /index 304 - Mon, 18 Apr 2022 06:30:12 GMT
GET /user_list 200 - Mon, 18 Apr 2022 06:30:13 GMT
GET /index 302 - Mon, 18 Apr 2022 06:37:17 GMT
GET / 304 - Mon, 18 Apr 2022 06:37:17 GMT
POST /login/user 302 - Mon, 18 Apr 2022 06:37:27 GMT
GET /index 200 - Mon, 18 Apr 2022 06:37:27 GMT
GET /add_product 304 - Mon, 18 Apr 2022 06:37:31 GMT
GET /add_product 302 - Mon, 18 Apr 2022 06:42:31 GMT
GET / 304 - Mon, 18 Apr 2022 06:42:31 GMT
POST /login/user 302 - Mon, 18 Apr 2022 06:42:36 GMT
GET /index 304 - Mon, 18 Apr 2022 06:42:36 GMT
GET /add_product 200 - Mon, 18 Apr 2022 06:42:38 GMT
POST /product/addproduct 302 - Mon, 18 Apr 2022 06:43:21 GMT
GET /product_list 200 - Mon, 18 Apr 2022 06:43:21 GMT
GET /product/detail_product/17 200 - Mon, 18 Apr 2022 06:43:32 GMT
GET /product/detail_product/css/style.css 404 - Mon, 18 Apr 2022 06:43:32 GMT
GET /product_list 304 - Mon, 18 Apr 2022 06:43:34 GMT
GET /selling_list/17 302 - Mon, 18 Apr 2022 06:43:36 GMT
GET /selling_list 200 - Mon, 18 Apr 2022 06:43:36 GMT
GET /product_list 304 - Mon, 18 Apr 2022 06:43:57 GMT
GET /selling_list/17 302 - Mon, 18 Apr 2022 06:44:31 GMT
GET / 304 - Mon, 18 Apr 2022 06:44:31 GMT
POST /login/user 302 - Mon, 18 Apr 2022 06:44:53 GMT
GET / 200 - Mon, 18 Apr 2022 06:44:53 GMT
POST /login/user 302 - Mon, 18 Apr 2022 06:44:58 GMT
GET / 304 - Mon, 18 Apr 2022 06:44:58 GMT
GET / 200 - Mon, 18 Apr 2022 06:45:24 GMT
GET / 304 - Mon, 18 Apr 2022 06:45:34 GMT
GET / 304 - Mon, 18 Apr 2022 06:46:18 GMT
POST /login/user 302 - Mon, 18 Apr 2022 06:46:23 GMT
GET /index 200 - Mon, 18 Apr 2022 06:46:23 GMT
GET /product_list 304 - Mon, 18 Apr 2022 06:46:26 GMT
GET /user_list 304 - Mon, 18 Apr 2022 06:46:27 GMT
GET /selling_list 304 - Mon, 18 Apr 2022 06:47:08 GMT
GET /product_list 302 - Mon, 18 Apr 2022 06:47:54 GMT
GET / 304 - Mon, 18 Apr 2022 06:47:54 GMT
POST /login/user 302 - Mon, 18 Apr 2022 06:48:00 GMT
GET /index 304 - Mon, 18 Apr 2022 06:48:00 GMT
GET /product_list 200 - Mon, 18 Apr 2022 06:48:01 GMT
GET /selling_list 304 - Mon, 18 Apr 2022 06:48:33 GMT
GET /product_list 304 - Mon, 18 Apr 2022 06:48:35 GMT
GET /selling_list 304 - Mon, 18 Apr 2022 06:48:36 GMT
GET /product_list 304 - Mon, 18 Apr 2022 06:48:37 GMT
GET /selling_list 304 - Mon, 18 Apr 2022 06:48:38 GMT
GET /product_list 304 - Mon, 18 Apr 2022 06:48:39 GMT
GET /selling_list 304 - Mon, 18 Apr 2022 06:48:42 GMT
GET /user_list 304 - Mon, 18 Apr 2022 06:48:44 GMT
GET /product_list 302 - Mon, 18 Apr 2022 06:49:39 GMT
GET / 304 - Mon, 18 Apr 2022 06:49:39 GMT
POST /login/user 302 - Mon, 18 Apr 2022 06:52:29 GMT
GET /index 304 - Mon, 18 Apr 2022 06:52:29 GMT
GET /add_product 304 - Mon, 18 Apr 2022 06:52:42 GMT
POST /product/addproduct 302 - Mon, 18 Apr 2022 06:55:19 GMT
GET / 304 - Mon, 18 Apr 2022 06:55:19 GMT
POST /login/user 302 - Mon, 18 Apr 2022 06:55:23 GMT
GET /index 304 - Mon, 18 Apr 2022 06:55:23 GMT
GET /add_product 304 - Mon, 18 Apr 2022 06:55:26 GMT
POST /product/addproduct 302 - Mon, 18 Apr 2022 06:55:49 GMT
GET /product_list 200 - Mon, 18 Apr 2022 06:55:49 GMT
GET /user_list 304 - Mon, 18 Apr 2022 06:55:54 GMT
GET /logout/user 302 - Mon, 18 Apr 2022 06:56:04 GMT
GET / 200 - Mon, 18 Apr 2022 06:56:04 GMT
POST /login/user 302 - Mon, 18 Apr 2022 06:56:42 GMT
GET /index 302 - Mon, 18 Apr 2022 06:56:42 GMT
GET /login 404 - Mon, 18 Apr 2022 06:56:42 GMT
GET /login 404 - Mon, 18 Apr 2022 06:56:48 GMT
GET / 200 - Mon, 18 Apr 2022 06:57:02 GMT
POST /login/user 302 - Mon, 18 Apr 2022 06:57:45 GMT
GET /index 302 - Mon, 18 Apr 2022 06:57:45 GMT
GET /login 404 - Mon, 18 Apr 2022 06:57:45 GMT
GET / 304 - Mon, 18 Apr 2022 06:57:49 GMT
POST /login/user 302 - Mon, 18 Apr 2022 06:57:53 GMT
GET /index 200 - Mon, 18 Apr 2022 06:57:54 GMT
GET /product_list 304 - Mon, 18 Apr 2022 06:57:56 GMT
GET /user_list 304 - Mon, 18 Apr 2022 06:57:58 GMT
GET /register 302 - Mon, 18 Apr 2022 06:58:05 GMT
GET /product_list 304 - Mon, 18 Apr 2022 06:58:05 GMT
GET /user_list 304 - Mon, 18 Apr 2022 06:58:09 GMT
GET /register 302 - Mon, 18 Apr 2022 06:58:11 GMT
GET /product_list 304 - Mon, 18 Apr 2022 06:58:12 GMT
GET /product_list 302 - Mon, 18 Apr 2022 07:00:15 GMT
GET / 304 - Mon, 18 Apr 2022 07:00:15 GMT
POST /login/user 302 - Mon, 18 Apr 2022 07:00:18 GMT
GET / 200 - Mon, 18 Apr 2022 07:00:18 GMT
POST /login/user 302 - Mon, 18 Apr 2022 07:00:25 GMT
GET /index 304 - Mon, 18 Apr 2022 07:00:25 GMT
GET /user_list 304 - Mon, 18 Apr 2022 07:00:28 GMT
GET /register 302 - Mon, 18 Apr 2022 07:00:45 GMT
GET /product_list 200 - Mon, 18 Apr 2022 07:00:46 GMT
GET /user_list 304 - Mon, 18 Apr 2022 07:01:17 GMT
GET /register 302 - Mon, 18 Apr 2022 07:01:20 GMT
GET /product_list 304 - Mon, 18 Apr 2022 07:01:20 GMT
GET /user_list 304 - Mon, 18 Apr 2022 07:01:23 GMT
GET /register 200 - Mon, 18 Apr 2022 07:01:27 GMT
GET /register 302 - Mon, 18 Apr 2022 07:02:03 GMT
GET /user_list 302 - Mon, 18 Apr 2022 07:02:03 GMT
GET / 200 - Mon, 18 Apr 2022 07:02:03 GMT
POST /login/user 302 - Mon, 18 Apr 2022 07:02:10 GMT
GET /index 304 - Mon, 18 Apr 2022 07:02:10 GMT
GET /user_list 200 - Mon, 18 Apr 2022 07:02:12 GMT
GET /register 200 - Mon, 18 Apr 2022 07:02:15 GMT
GET /register 302 - Mon, 18 Apr 2022 07:03:16 GMT
GET / 304 - Mon, 18 Apr 2022 07:03:16 GMT
POST /login/user 302 - Mon, 18 Apr 2022 07:03:23 GMT
GET /index 304 - Mon, 18 Apr 2022 07:03:23 GMT
GET /user_list 304 - Mon, 18 Apr 2022 07:03:25 GMT
GET /register 200 - Mon, 18 Apr 2022 07:03:26 GMT
POST /register/new_user 302 - Mon, 18 Apr 2022 07:04:48 GMT
GET / 304 - Mon, 18 Apr 2022 07:04:49 GMT
POST /login/user 302 - Mon, 18 Apr 2022 07:05:01 GMT
GET /index 304 - Mon, 18 Apr 2022 07:05:01 GMT
GET /user_list 304 - Mon, 18 Apr 2022 07:05:03 GMT
GET /register 304 - Mon, 18 Apr 2022 07:05:10 GMT
POST /register/new_user 302 - Mon, 18 Apr 2022 07:05:50 GMT
GET / 304 - Mon, 18 Apr 2022 07:05:50 GMT
POST /login/user 302 - Mon, 18 Apr 2022 07:06:03 GMT
GET /index 304 - Mon, 18 Apr 2022 07:06:03 GMT
GET /user_list 200 - Mon, 18 Apr 2022 07:06:04 GMT
GET /selling_list 302 - Mon, 18 Apr 2022 07:07:16 GMT
GET / 304 - Mon, 18 Apr 2022 07:07:16 GMT
POST /login/user 302 - Mon, 18 Apr 2022 07:08:40 GMT
GET /index 304 - Mon, 18 Apr 2022 07:08:40 GMT
GET /product_list 200 - Mon, 18 Apr 2022 07:08:42 GMT
GET /product_list 200 - Mon, 18 Apr 2022 07:09:00 GMT
GET /selling_list 302 - Mon, 18 Apr 2022 07:10:51 GMT
GET / 304 - Mon, 18 Apr 2022 07:10:51 GMT
POST /login/user 302 - Mon, 18 Apr 2022 07:10:58 GMT
GET /index 304 - Mon, 18 Apr 2022 07:10:58 GMT
GET /selling_list 200 - Mon, 18 Apr 2022 07:11:00 GMT
GET /product_list 304 - Mon, 18 Apr 2022 07:11:10 GMT
GET /product_list 200 - Mon, 18 Apr 2022 07:12:12 GMT
GET /product_list 304 - Mon, 18 Apr 2022 07:15:39 GMT
GET /product_list 304 - Mon, 18 Apr 2022 07:15:58 GMT
GET /product_list 304 - Mon, 18 Apr 2022 07:16:00 GMT
GET /product_list 304 - Mon, 18 Apr 2022 07:16:30 GMT
GET /product_list 304 - Mon, 18 Apr 2022 07:19:03 GMT
GET /product_list 304 - Mon, 18 Apr 2022 07:19:28 GMT
GET /product_list 304 - Mon, 18 Apr 2022 07:20:13 GMT
GET /product_list 304 - Mon, 18 Apr 2022 07:20:25 GMT
GET /product_list 304 - Mon, 18 Apr 2022 07:20:51 GMT
GET /product_list 304 - Mon, 18 Apr 2022 07:21:05 GMT
GET /product_list 304 - Mon, 18 Apr 2022 07:21:06 GMT
GET /product_list 304 - Mon, 18 Apr 2022 07:21:39 GMT
GET /product_list 304 - Mon, 18 Apr 2022 07:22:06 GMT
GET /product_list 304 - Mon, 18 Apr 2022 07:22:24 GMT
GET /product_list 304 - Mon, 18 Apr 2022 07:23:36 GMT
GET /product_list 304 - Mon, 18 Apr 2022 07:23:49 GMT
GET /product_list 304 - Mon, 18 Apr 2022 07:24:09 GMT
GET /product_list 304 - Mon, 18 Apr 2022 07:24:10 GMT
GET /product_list 304 - Mon, 18 Apr 2022 07:24:12 GMT
GET /product_list 304 - Mon, 18 Apr 2022 07:24:23 GMT
GET /product_list 304 - Mon, 18 Apr 2022 07:24:50 GMT
GET /product_list 304 - Mon, 18 Apr 2022 07:25:09 GMT
GET /product_list 304 - Mon, 18 Apr 2022 07:25:15 GMT
GET /product_list 304 - Mon, 18 Apr 2022 07:25:17 GMT
GET /product_list 304 - Mon, 18 Apr 2022 07:25:22 GMT
GET /product_list 304 - Mon, 18 Apr 2022 07:26:07 GMT
GET /product_list 304 - Mon, 18 Apr 2022 07:26:10 GMT
GET /product_list 304 - Mon, 18 Apr 2022 07:26:43 GMT
GET /product_list 200 - Mon, 18 Apr 2022 07:27:18 GMT
GET /product_list 302 - Mon, 18 Apr 2022 07:27:50 GMT
GET / 304 - Mon, 18 Apr 2022 07:27:50 GMT
POST /login/user 302 - Mon, 18 Apr 2022 07:28:02 GMT
GET /index 304 - Mon, 18 Apr 2022 07:28:02 GMT
GET /product_list 200 - Mon, 18 Apr 2022 07:28:05 GMT
GET /product_list 304 - Mon, 18 Apr 2022 07:28:44 GMT
GET /product_list 304 - Mon, 18 Apr 2022 07:29:07 GMT
GET /product_list 304 - Mon, 18 Apr 2022 07:29:23 GMT
GET /product_list 304 - Mon, 18 Apr 2022 07:29:40 GMT
GET /product_list 304 - Mon, 18 Apr 2022 07:29:56 GMT
GET /product_list 304 - Mon, 18 Apr 2022 07:30:06 GMT
GET /user_list 304 - Mon, 18 Apr 2022 07:36:14 GMT
GET /index 304 - Mon, 18 Apr 2022 07:36:45 GMT
GET /add_product 304 - Mon, 18 Apr 2022 07:37:13 GMT
POST /product/addproduct 302 - Mon, 18 Apr 2022 07:38:20 GMT
GET /product_list 200 - Mon, 18 Apr 2022 07:38:20 GMT
GET /product_list 304 - Mon, 18 Apr 2022 07:40:50 GMT
GET /product_list 304 - Mon, 18 Apr 2022 07:41:07 GMT
GET /product_list 304 - Mon, 18 Apr 2022 07:41:08 GMT
GET /product_list 304 - Mon, 18 Apr 2022 07:41:20 GMT
GET /product_list 304 - Mon, 18 Apr 2022 07:42:02 GMT
GET /selling_list 304 - Mon, 18 Apr 2022 07:42:27 GMT
GET /logout/user 302 - Mon, 18 Apr 2022 08:15:25 GMT
GET / 200 - Mon, 18 Apr 2022 08:15:26 GMT
GET /logout/user 302 - Mon, 18 Apr 2022 08:15:26 GMT
GET / 200 - Mon, 18 Apr 2022 08:15:26 GMT
POST /login/user 302 - Mon, 18 Apr 2022 08:15:44 GMT
GET /index 200 - Mon, 18 Apr 2022 08:15:44 GMT
GET /product_list 304 - Mon, 18 Apr 2022 08:15:48 GMT
GET /selling_list 304 - Mon, 18 Apr 2022 08:15:52 GMT
GET /product_list 304 - Mon, 18 Apr 2022 08:15:57 GMT
GET /user_list 302 - Mon, 18 Apr 2022 08:19:29 GMT
GET / 200 - Mon, 18 Apr 2022 08:19:29 GMT
POST /login/user 302 - Mon, 18 Apr 2022 08:19:37 GMT
GET /index 304 - Mon, 18 Apr 2022 08:19:37 GMT
